/*C1*/SET SCHEMA PUBLIC
CONNECT USER SA
DISCONNECT
/*C2*/SET SCHEMA PUBLIC
CONNECT USER SA
DISCONNECT
/*C3*/SET SCHEMA PUBLIC
CONNECT USER SA
INSERT INTO AVAILABLEQTY VALUES('2025/11/22',5)
DISCONNECT
/*C4*/SET SCHEMA PUBLIC
CONNECT USER SA
SET AUTOCOMMIT FALSE
DELETE FROM AVAILABLEQTY WHERE DATE='2025/11/22'
INSERT INTO AVAILABLEQTY VALUES('2025/11/22',4)
SET AUTOCOMMIT TRUE
DISCONNECT
/*C5*/SET SCHEMA PUBLIC
CONNECT USER SA
INSERT INTO RESERVATION VALUES('1752137451266','2025/11/22','create')
DISCONNECT
/*C6*/SET SCHEMA PUBLIC
CONNECT USER SA
DISCONNECT
/*C7*/SET SCHEMA PUBLIC
CONNECT USER SA
SET AUTOCOMMIT FALSE
DELETE FROM RESERVATION WHERE RESERVATIONNUMBER='1752137451266'
INSERT INTO RESERVATION VALUES('1752137451266','2025/11/22','consume')
SET AUTOCOMMIT TRUE
DISCONNECT
/*C8*/SET SCHEMA PUBLIC
CONNECT USER SA
DISCONNECT
/*C9*/SET SCHEMA PUBLIC
CONNECT USER SA
SET AUTOCOMMIT FALSE
DELETE FROM ROOM WHERE ROOMNUMBER='1001'
INSERT INTO ROOM VALUES('1001','2025/11/22')
SET AUTOCOMMIT TRUE
DISCONNECT
/*C10*/SET SCHEMA PUBLIC
CONNECT USER SA
INSERT INTO PAYMENT VALUES('1001','2025/11/22',8000,'create')
DISCONNECT
/*C11*/SET SCHEMA PUBLIC
CONNECT USER SA
DISCONNECT
/*C12*/SET SCHEMA PUBLIC
CONNECT USER SA
DISCONNECT
/*C13*/SET SCHEMA PUBLIC
CONNECT USER SA
DISCONNECT
/*C14*/SET SCHEMA PUBLIC
CONNECT USER SA
SET AUTOCOMMIT FALSE
DELETE FROM AVAILABLEQTY WHERE DATE='2025/11/22'
INSERT INTO AVAILABLEQTY VALUES('2025/11/22',3)
SET AUTOCOMMIT TRUE
DISCONNECT
/*C15*/SET SCHEMA PUBLIC
CONNECT USER SA
INSERT INTO RESERVATION VALUES('1752137521088','2025/11/22','create')
DISCONNECT
/*C16*/SET SCHEMA PUBLIC
CONNECT USER SA
DISCONNECT
/*C17*/SET SCHEMA PUBLIC
CONNECT USER SA
SET AUTOCOMMIT FALSE
DELETE FROM RESERVATION WHERE RESERVATIONNUMBER='1752137521088'
INSERT INTO RESERVATION VALUES('1752137521088','2025/11/22','consume')
SET AUTOCOMMIT TRUE
DISCONNECT
/*C18*/SET SCHEMA PUBLIC
CONNECT USER SA
DISCONNECT
/*C19*/SET SCHEMA PUBLIC
CONNECT USER SA
SET AUTOCOMMIT FALSE
DELETE FROM ROOM WHERE ROOMNUMBER='1002'
INSERT INTO ROOM VALUES('1002','2025/11/22')
SET AUTOCOMMIT TRUE
DISCONNECT
/*C20*/SET SCHEMA PUBLIC
CONNECT USER SA
INSERT INTO PAYMENT VALUES('1002','2025/11/22',8000,'create')
DISCONNECT
/*C21*/SET SCHEMA PUBLIC
CONNECT USER SA
DISCONNECT
/*C22*/SET SCHEMA PUBLIC
CONNECT USER SA
SET AUTOCOMMIT FALSE
DELETE FROM ROOM WHERE ROOMNUMBER='1002'
INSERT INTO ROOM VALUES('1002','')
SET AUTOCOMMIT TRUE
DISCONNECT
/*C23*/SET SCHEMA PUBLIC
CONNECT USER SA
DISCONNECT
/*C24*/SET SCHEMA PUBLIC
CONNECT USER SA
SET AUTOCOMMIT FALSE
DELETE FROM PAYMENT WHERE ROOMNUMBER='1002' AND STAYINGDATE='2025/11/22'
INSERT INTO PAYMENT VALUES('1002','2025/11/22',8000,'consume')
SET AUTOCOMMIT TRUE
DISCONNECT
/*C25*/SET SCHEMA PUBLIC
CONNECT USER SA
DISCONNECT
/*C26*/SET SCHEMA PUBLIC
CONNECT USER SA
DISCONNECT
/*C27*/SET SCHEMA PUBLIC
CONNECT USER SA
SET AUTOCOMMIT FALSE
DELETE FROM AVAILABLEQTY WHERE DATE='2025/11/22'
INSERT INTO AVAILABLEQTY VALUES('2025/11/22',2)
SET AUTOCOMMIT TRUE
DISCONNECT
/*C28*/SET SCHEMA PUBLIC
CONNECT USER SA
INSERT INTO RESERVATION VALUES('1752137714584','2025/11/22','create')
DISCONNECT
/*C29*/SET SCHEMA PUBLIC
CONNECT USER SA
DISCONNECT
/*C30*/SET SCHEMA PUBLIC
CONNECT USER SA
SET AUTOCOMMIT FALSE
DELETE FROM RESERVATION WHERE RESERVATIONNUMBER='1752137714584'
INSERT INTO RESERVATION VALUES('1752137714584','2025/11/22','consume')
SET AUTOCOMMIT TRUE
DISCONNECT
/*C31*/SET SCHEMA PUBLIC
CONNECT USER SA
DISCONNECT
/*C32*/SET SCHEMA PUBLIC
CONNECT USER SA
SET AUTOCOMMIT FALSE
DELETE FROM ROOM WHERE ROOMNUMBER='1002'
INSERT INTO ROOM VALUES('1002','2025/11/22')
SET AUTOCOMMIT TRUE
DISCONNECT
/*C33*/SET SCHEMA PUBLIC
CONNECT USER SA
DISCONNECT
/*C34*/SET SCHEMA PUBLIC
CONNECT USER SA
DISCONNECT
/*C35*/SET SCHEMA PUBLIC
CONNECT USER SA
DISCONNECT
/*C36*/SET SCHEMA PUBLIC
CONNECT USER SA
INSERT INTO AVAILABLEQTY VALUES('2025/10/10',5)
DISCONNECT
/*C37*/SET SCHEMA PUBLIC
CONNECT USER SA
SET AUTOCOMMIT FALSE
DELETE FROM AVAILABLEQTY WHERE DATE='2025/10/10'
INSERT INTO AVAILABLEQTY VALUES('2025/10/10',4)
SET AUTOCOMMIT TRUE
DISCONNECT
/*C38*/SET SCHEMA PUBLIC
CONNECT USER SA
INSERT INTO RESERVATION VALUES('1752137742117','2025/10/10','create')
DISCONNECT
/*C39*/SET SCHEMA PUBLIC
CONNECT USER SA
DISCONNECT
/*C40*/SET SCHEMA PUBLIC
CONNECT USER SA
SET AUTOCOMMIT FALSE
DELETE FROM RESERVATION WHERE RESERVATIONNUMBER='1752137742117'
INSERT INTO RESERVATION VALUES('1752137742117','2025/10/10','consume')
SET AUTOCOMMIT TRUE
DISCONNECT
/*C41*/SET SCHEMA PUBLIC
CONNECT USER SA
DISCONNECT
/*C42*/SET SCHEMA PUBLIC
CONNECT USER SA
SET AUTOCOMMIT FALSE
DELETE FROM ROOM WHERE ROOMNUMBER='1003'
INSERT INTO ROOM VALUES('1003','2025/10/10')
SET AUTOCOMMIT TRUE
DISCONNECT
/*C43*/SET SCHEMA PUBLIC
CONNECT USER SA
INSERT INTO PAYMENT VALUES('1003','2025/10/10',8000,'create')
DISCONNECT
/*C44*/SET SCHEMA PUBLIC
CONNECT USER SA
DISCONNECT
/*C45*/SET SCHEMA PUBLIC
CONNECT USER SA
SET AUTOCOMMIT FALSE
DELETE FROM ROOM WHERE ROOMNUMBER='1003'
INSERT INTO ROOM VALUES('1003','')
SET AUTOCOMMIT TRUE
DISCONNECT
/*C46*/SET SCHEMA PUBLIC
CONNECT USER SA
DISCONNECT
/*C47*/SET SCHEMA PUBLIC
CONNECT USER SA
SET AUTOCOMMIT FALSE
DELETE FROM PAYMENT WHERE ROOMNUMBER='1003' AND STAYINGDATE='2025/10/10'
INSERT INTO PAYMENT VALUES('1003','2025/10/10',8000,'consume')
SET AUTOCOMMIT TRUE
DISCONNECT
